{"C:\\Users\\Kanav\\OneDrive\\Desktop\\React Apps\\Food App\\src\\components\\Grocery.js": {"path":"C:\\Users\\Kanav\\OneDrive\\Desktop\\React Apps\\Food App\\src\\components\\Grocery.js","statementMap":{"0":{"start":{"line":3,"column":16},"end":{"line":30,"column":1}},"1":{"start":{"line":4,"column":2},"end":{"line":29,"column":3}}},"fnMap":{"0":{"name":"(anonymous_0)","decl":{"start":{"line":3,"column":16},"end":{"line":3,"column":17}},"loc":{"start":{"line":3,"column":22},"end":{"line":30,"column":1}},"line":3}},"branchMap":{},"s":{"0":1,"1":1},"f":{"0":1},"b":{},"_coverageSchema":"1a1c01bbd47fc00a2c39e90264f33305004495a9","hash":"a4e0cd6d85584b69b97fb60e0a7ddab15a14a231"}
,"C:\\Users\\Kanav\\OneDrive\\Desktop\\React Apps\\Food App\\src\\components\\NavLinks.js": {"path":"C:\\Users\\Kanav\\OneDrive\\Desktop\\React Apps\\Food App\\src\\components\\NavLinks.js","statementMap":{"0":{"start":{"line":8,"column":17},"end":{"line":35,"column":1}},"1":{"start":{"line":9,"column":23},"end":{"line":9,"column":40}},"2":{"start":{"line":10,"column":25},"end":{"line":10,"column":48}},"3":{"start":{"line":11,"column":20},"end":{"line":11,"column":58}},"4":{"start":{"line":11,"column":41},"end":{"line":11,"column":57}},"5":{"start":{"line":12,"column":2},"end":{"line":34,"column":3}}},"fnMap":{"0":{"name":"(anonymous_0)","decl":{"start":{"line":8,"column":17},"end":{"line":8,"column":18}},"loc":{"start":{"line":8,"column":23},"end":{"line":35,"column":1}},"line":8},"1":{"name":"(anonymous_1)","decl":{"start":{"line":11,"column":32},"end":{"line":11,"column":33}},"loc":{"start":{"line":11,"column":41},"end":{"line":11,"column":57}},"line":11}},"branchMap":{"0":{"loc":{"start":{"line":24,"column":37},"end":{"line":24,"column":82}},"type":"cond-expr","locations":[{"start":{"line":24,"column":60},"end":{"line":24,"column":62}},{"start":{"line":24,"column":65},"end":{"line":24,"column":81}}],"line":24},"1":{"loc":{"start":{"line":30,"column":13},"end":{"line":30,"column":53}},"type":"cond-expr","locations":[{"start":{"line":30,"column":28},"end":{"line":30,"column":39}},{"start":{"line":30,"column":41},"end":{"line":30,"column":53}}],"line":30}},"s":{"0":1,"1":1,"2":1,"3":1,"4":2,"5":1},"f":{"0":1,"1":2},"b":{"0":[1,0],"1":[1,0]},"_coverageSchema":"1a1c01bbd47fc00a2c39e90264f33305004495a9","hash":"e5de4332fba9db6b4a15935390c709fef66dfd09"}
,"C:\\Users\\Kanav\\OneDrive\\Desktop\\React Apps\\Food App\\src\\components\\Navbar.js": {"path":"C:\\Users\\Kanav\\OneDrive\\Desktop\\React Apps\\Food App\\src\\components\\Navbar.js","statementMap":{"0":{"start":{"line":7,"column":15},"end":{"line":35,"column":1}},"1":{"start":{"line":9,"column":35},"end":{"line":9,"column":50}},"2":{"start":{"line":11,"column":2},"end":{"line":34,"column":3}},"3":{"start":{"line":23,"column":33},"end":{"line":23,"column":57}}},"fnMap":{"0":{"name":"(anonymous_0)","decl":{"start":{"line":7,"column":15},"end":{"line":7,"column":16}},"loc":{"start":{"line":7,"column":21},"end":{"line":35,"column":1}},"line":7},"1":{"name":"(anonymous_1)","decl":{"start":{"line":23,"column":29},"end":{"line":23,"column":30}},"loc":{"start":{"line":23,"column":33},"end":{"line":23,"column":57}},"line":23}},"branchMap":{"0":{"loc":{"start":{"line":24,"column":17},"end":{"line":24,"column":87}},"type":"cond-expr","locations":[{"start":{"line":24,"column":29},"end":{"line":24,"column":59}},{"start":{"line":24,"column":62},"end":{"line":24,"column":86}}],"line":24},"1":{"loc":{"start":{"line":28,"column":6},"end":{"line":32,"column":10}},"type":"cond-expr","locations":[{"start":{"line":29,"column":8},"end":{"line":31,"column":13}},{"start":{"line":32,"column":7},"end":{"line":32,"column":9}}],"line":28}},"s":{"0":1,"1":1,"2":1,"3":0},"f":{"0":1,"1":0},"b":{"0":[0,1],"1":[0,1]},"_coverageSchema":"1a1c01bbd47fc00a2c39e90264f33305004495a9","hash":"0af55dadb246c07c25657e2c0a9fe0515ab9b81c"}
,"C:\\Users\\Kanav\\OneDrive\\Desktop\\React Apps\\Food App\\src\\components\\sum.js": {"path":"C:\\Users\\Kanav\\OneDrive\\Desktop\\React Apps\\Food App\\src\\components\\sum.js","statementMap":{"0":{"start":{"line":1,"column":18},"end":{"line":3,"column":1}},"1":{"start":{"line":2,"column":4},"end":{"line":2,"column":15}}},"fnMap":{"0":{"name":"(anonymous_0)","decl":{"start":{"line":1,"column":18},"end":{"line":1,"column":19}},"loc":{"start":{"line":1,"column":25},"end":{"line":3,"column":1}},"line":1}},"branchMap":{},"s":{"0":1,"1":1},"f":{"0":1},"b":{},"_coverageSchema":"1a1c01bbd47fc00a2c39e90264f33305004495a9","hash":"c12ecc28b586015ae59e698a8806747ef3622e17"}
,"C:\\Users\\Kanav\\OneDrive\\Desktop\\React Apps\\Food App\\src\\utils\\appStore.js": {"path":"C:\\Users\\Kanav\\OneDrive\\Desktop\\React Apps\\Food App\\src\\utils\\appStore.js","statementMap":{"0":{"start":{"line":4,"column":15},"end":{"line":8,"column":2}}},"fnMap":{},"branchMap":{},"s":{"0":1},"f":{},"b":{},"_coverageSchema":"1a1c01bbd47fc00a2c39e90264f33305004495a9","hash":"c5143167da5e27b68e6f2176c5ad36f9a800990b"}
,"C:\\Users\\Kanav\\OneDrive\\Desktop\\React Apps\\Food App\\src\\utils\\cartSlice.js": {"path":"C:\\Users\\Kanav\\OneDrive\\Desktop\\React Apps\\Food App\\src\\utils\\cartSlice.js","statementMap":{"0":{"start":{"line":3,"column":16},"end":{"line":21,"column":2}},"1":{"start":{"line":10,"column":12},"end":{"line":10,"column":44}},"2":{"start":{"line":13,"column":23},"end":{"line":13,"column":50}},"3":{"start":{"line":14,"column":24},"end":{"line":14,"column":74}},"4":{"start":{"line":14,"column":51},"end":{"line":14,"column":73}},"5":{"start":{"line":15,"column":12},"end":{"line":15,"column":46}},"6":{"start":{"line":18,"column":12},"end":{"line":18,"column":33}},"7":{"start":{"line":23,"column":44},"end":{"line":23,"column":61}}},"fnMap":{"0":{"name":"(anonymous_0)","decl":{"start":{"line":9,"column":16},"end":{"line":9,"column":17}},"loc":{"start":{"line":9,"column":32},"end":{"line":11,"column":9}},"line":9},"1":{"name":"(anonymous_1)","decl":{"start":{"line":12,"column":19},"end":{"line":12,"column":20}},"loc":{"start":{"line":12,"column":35},"end":{"line":16,"column":9}},"line":12},"2":{"name":"(anonymous_2)","decl":{"start":{"line":14,"column":46},"end":{"line":14,"column":47}},"loc":{"start":{"line":14,"column":51},"end":{"line":14,"column":73}},"line":14},"3":{"name":"(anonymous_3)","decl":{"start":{"line":17,"column":18},"end":{"line":17,"column":19}},"loc":{"start":{"line":17,"column":34},"end":{"line":19,"column":9}},"line":17}},"branchMap":{},"s":{"0":1,"1":0,"2":0,"3":0,"4":0,"5":0,"6":0,"7":1},"f":{"0":0,"1":0,"2":0,"3":0},"b":{},"_coverageSchema":"1a1c01bbd47fc00a2c39e90264f33305004495a9","hash":"b655d71bc8ed0836de38186cf3a2ea997fe58432"}
,"C:\\Users\\Kanav\\OneDrive\\Desktop\\React Apps\\Food App\\src\\utils\\constants.js": {"path":"C:\\Users\\Kanav\\OneDrive\\Desktop\\React Apps\\Food App\\src\\utils\\constants.js","statementMap":{"0":{"start":{"line":1,"column":22},"end":{"line":1,"column":97}},"1":{"start":{"line":3,"column":21},"end":{"line":3,"column":104}},"2":{"start":{"line":5,"column":21},"end":{"line":5,"column":188}},"3":{"start":{"line":7,"column":27},"end":{"line":7,"column":170}},"4":{"start":{"line":9,"column":27},"end":{"line":9,"column":110}},"5":{"start":{"line":11,"column":29},"end":{"line":11,"column":190}},"6":{"start":{"line":13,"column":31},"end":{"line":13,"column":108}},"7":{"start":{"line":15,"column":29},"end":{"line":15,"column":114}},"8":{"start":{"line":17,"column":37},"end":{"line":17,"column":189}},"9":{"start":{"line":19,"column":25},"end":{"line":19,"column":82}},"10":{"start":{"line":21,"column":31},"end":{"line":21,"column":88}},"11":{"start":{"line":23,"column":30},"end":{"line":23,"column":87}},"12":{"start":{"line":25,"column":29},"end":{"line":25,"column":86}},"13":{"start":{"line":27,"column":27},"end":{"line":27,"column":84}},"14":{"start":{"line":29,"column":30},"end":{"line":29,"column":89}},"15":{"start":{"line":31,"column":28},"end":{"line":31,"column":85}},"16":{"start":{"line":33,"column":30},"end":{"line":33,"column":87}},"17":{"start":{"line":35,"column":31},"end":{"line":35,"column":86}},"18":{"start":{"line":37,"column":27},"end":{"line":37,"column":82}},"19":{"start":{"line":39,"column":26},"end":{"line":39,"column":121}}},"fnMap":{},"branchMap":{},"s":{"0":1,"1":1,"2":1,"3":1,"4":1,"5":1,"6":1,"7":1,"8":1,"9":1,"10":1,"11":1,"12":1,"13":1,"14":1,"15":1,"16":1,"17":1,"18":1,"19":1},"f":{},"b":{},"_coverageSchema":"1a1c01bbd47fc00a2c39e90264f33305004495a9","hash":"43209f61a75aa4de9d8e033fb0df5081ac05463e"}
,"C:\\Users\\Kanav\\OneDrive\\Desktop\\React Apps\\Food App\\src\\utils\\useOnlineStatus.js": {"path":"C:\\Users\\Kanav\\OneDrive\\Desktop\\React Apps\\Food App\\src\\utils\\useOnlineStatus.js","statementMap":{"0":{"start":{"line":3,"column":24},"end":{"line":19,"column":1}},"1":{"start":{"line":5,"column":41},"end":{"line":5,"column":57}},"2":{"start":{"line":7,"column":4},"end":{"line":15,"column":9}},"3":{"start":{"line":8,"column":8},"end":{"line":10,"column":11}},"4":{"start":{"line":9,"column":12},"end":{"line":9,"column":34}},"5":{"start":{"line":12,"column":8},"end":{"line":14,"column":10}},"6":{"start":{"line":13,"column":12},"end":{"line":13,"column":34}},"7":{"start":{"line":17,"column":4},"end":{"line":17,"column":24}}},"fnMap":{"0":{"name":"(anonymous_0)","decl":{"start":{"line":3,"column":24},"end":{"line":3,"column":25}},"loc":{"start":{"line":3,"column":30},"end":{"line":19,"column":1}},"line":3},"1":{"name":"(anonymous_1)","decl":{"start":{"line":7,"column":14},"end":{"line":7,"column":15}},"loc":{"start":{"line":7,"column":18},"end":{"line":15,"column":5}},"line":7},"2":{"name":"(anonymous_2)","decl":{"start":{"line":8,"column":42},"end":{"line":8,"column":43}},"loc":{"start":{"line":8,"column":46},"end":{"line":10,"column":9}},"line":8},"3":{"name":"(anonymous_3)","decl":{"start":{"line":12,"column":41},"end":{"line":12,"column":42}},"loc":{"start":{"line":12,"column":45},"end":{"line":14,"column":9}},"line":12}},"branchMap":{},"s":{"0":1,"1":1,"2":1,"3":1,"4":0,"5":1,"6":0,"7":1},"f":{"0":1,"1":1,"2":0,"3":0},"b":{},"_coverageSchema":"1a1c01bbd47fc00a2c39e90264f33305004495a9","hash":"b1f0498e8f201705b3f8f3f0bcab0bce642b8fc3"}
,"C:\\Users\\Kanav\\OneDrive\\Desktop\\React Apps\\Food App\\src\\utils\\userContext.js": {"path":"C:\\Users\\Kanav\\OneDrive\\Desktop\\React Apps\\Food App\\src\\utils\\userContext.js","statementMap":{"0":{"start":{"line":3,"column":18},"end":{"line":5,"column":2}}},"fnMap":{},"branchMap":{},"s":{"0":1},"f":{},"b":{},"_coverageSchema":"1a1c01bbd47fc00a2c39e90264f33305004495a9","hash":"92f39c882983d9bbf7877b869f2a1aabf1f8c240"}
}
