{"C:\\Users\\Kanav\\OneDrive\\Desktop\\React Apps\\Food App\\src\\components\\Grocery.js": {"path":"C:\\Users\\Kanav\\OneDrive\\Desktop\\React Apps\\Food App\\src\\components\\Grocery.js","statementMap":{"0":{"start":{"line":3,"column":16},"end":{"line":30,"column":1}},"1":{"start":{"line":4,"column":2},"end":{"line":29,"column":3}}},"fnMap":{"0":{"name":"(anonymous_0)","decl":{"start":{"line":3,"column":16},"end":{"line":3,"column":17}},"loc":{"start":{"line":3,"column":22},"end":{"line":30,"column":1}},"line":3}},"branchMap":{},"s":{"0":1,"1":1},"f":{"0":1},"b":{},"_coverageSchema":"1a1c01bbd47fc00a2c39e90264f33305004495a9","hash":"a4e0cd6d85584b69b97fb60e0a7ddab15a14a231"}
,"C:\\Users\\Kanav\\OneDrive\\Desktop\\React Apps\\Food App\\src\\components\\sum.js": {"path":"C:\\Users\\Kanav\\OneDrive\\Desktop\\React Apps\\Food App\\src\\components\\sum.js","statementMap":{"0":{"start":{"line":1,"column":18},"end":{"line":3,"column":1}},"1":{"start":{"line":2,"column":4},"end":{"line":2,"column":15}}},"fnMap":{"0":{"name":"(anonymous_0)","decl":{"start":{"line":1,"column":18},"end":{"line":1,"column":19}},"loc":{"start":{"line":1,"column":25},"end":{"line":3,"column":1}},"line":1}},"branchMap":{},"s":{"0":1,"1":1},"f":{"0":1},"b":{},"_coverageSchema":"1a1c01bbd47fc00a2c39e90264f33305004495a9","hash":"c12ecc28b586015ae59e698a8806747ef3622e17"}
}
